~~~<table>
  <thead>
    <tr class = "header headerLastRow">
      <th style = "text-align: right;">Time</th>
      <th style = "text-align: right;">azimuth</th>
      <th style = "text-align: right;">vmean</th>
      <th style = "text-align: right;">vmax</th>
    </tr>
  </thead>
  <tbody>
    <tr>
      <td style = "text-align: right;">1.4936e9</td>
      <td style = "text-align: right;">310.0</td>
      <td style = "text-align: right;">2.4</td>
      <td style = "text-align: right;">3.6</td>
    </tr>
    <tr>
      <td style = "text-align: right;">1.4936e9</td>
      <td style = "text-align: right;">328.0</td>
      <td style = "text-align: right;">2.5</td>
      <td style = "text-align: right;">4.3</td>
    </tr>
    <tr>
      <td style = "text-align: right;">1.4936e9</td>
      <td style = "text-align: right;">340.0</td>
      <td style = "text-align: right;">2.0</td>
      <td style = "text-align: right;">4.2</td>
    </tr>
    <tr>
      <td style = "text-align: right;">1.49361e9</td>
      <td style = "text-align: right;">26.0</td>
      <td style = "text-align: right;">1.3</td>
      <td style = "text-align: right;">3.5</td>
    </tr>
    <tr>
      <td style = "text-align: right;">1.49361e9</td>
      <td style = "text-align: right;">350.0</td>
      <td style = "text-align: right;">2.8</td>
      <td style = "text-align: right;">5.7</td>
    </tr>
    <tr>
      <td style = "text-align: right;">1.49361e9</td>
      <td style = "text-align: right;">349.0</td>
      <td style = "text-align: right;">2.7</td>
      <td style = "text-align: right;">6.6</td>
    </tr>
    <tr>
      <td style = "text-align: right;">1.49362e9</td>
      <td style = "text-align: right;">337.0</td>
      <td style = "text-align: right;">1.9</td>
      <td style = "text-align: right;">3.9</td>
    </tr>
  </tbody>
</table>
~~~
