~~~<table>
  <thead>
    <tr class = "header headerLastRow">
      <th style = "text-align: right;">Time</th>
      <th style = "text-align: right;">East</th>
      <th style = "text-align: right;">North</th>
      <th style = "text-align: right;">Vertical</th>
    </tr>
  </thead>
  <tbody>
    <tr>
      <td style = "text-align: right;">1.65715e9</td>
      <td style = "text-align: right;">-0.0186548</td>
      <td style = "text-align: right;">-0.0120856</td>
      <td style = "text-align: right;">0.152718</td>
    </tr>
    <tr>
      <td style = "text-align: right;">1.65715e9</td>
      <td style = "text-align: right;">-0.0187063</td>
      <td style = "text-align: right;">-0.0123039</td>
      <td style = "text-align: right;">0.152364</td>
    </tr>
    <tr>
      <td style = "text-align: right;">1.65715e9</td>
      <td style = "text-align: right;">-0.0187575</td>
      <td style = "text-align: right;">-0.0125214</td>
      <td style = "text-align: right;">0.152003</td>
    </tr>
    <tr>
      <td style = "text-align: right;">1.65715e9</td>
      <td style = "text-align: right;">-0.0188083</td>
      <td style = "text-align: right;">-0.0127382</td>
      <td style = "text-align: right;">0.151636</td>
    </tr>
    <tr>
      <td style = "text-align: right;">1.65715e9</td>
      <td style = "text-align: right;">-0.0188586</td>
      <td style = "text-align: right;">-0.0129542</td>
      <td style = "text-align: right;">0.151263</td>
    </tr>
  </tbody>
</table>
~~~
