4×4 GMT.GMTdataset{Float64, 2}
 Row │    W(lon)     E(lon)    S(lat)    N(lat)  Code          Region          ⋯
─────┼──────────────────────────────────────────────────────────────────────────
   1 │ -85.9506   -82.5561    8.0329   11.2167    CRC  Continental Costa Rica  ⋯
   2 │ -81.0788   -75.1848   -4.99882   1.43894   ECC   Continental Ecuador
   3 │  -9.56      -6.18     36.955    42.16      PTC   Continental Portugal
   4 │  -9.29092    4.31502  35.1852   43.7915    ESC    Continental Spain
                                                                1 column omitted~~~<table>
  <thead>
    <tr class = "header headerLastRow">
      <th style = "text-align: right;">W(lon)</th>
      <th style = "text-align: right;">E(lon)</th>
      <th style = "text-align: right;">S(lat)</th>
      <th style = "text-align: right;">N(lat)</th>
      <th style = "text-align: right;">Code</th>
      <th style = "text-align: right;">Region</th>
      <th style = "text-align: right;">Ref</th>
    </tr>
  </thead>
  <tbody>
    <tr>
      <td style = "text-align: right;">-85.9506</td>
      <td style = "text-align: right;">-82.5561</td>
      <td style = "text-align: right;">8.0329</td>
      <td style = "text-align: right;">11.2167</td>
      <td style = "text-align: right;">CRC</td>
      <td style = "text-align: right;">Continental Costa Rica</td>
      <td style = "text-align: right;">Mainlands</td>
    </tr>
    <tr>
      <td style = "text-align: right;">-81.0788</td>
      <td style = "text-align: right;">-75.1848</td>
      <td style = "text-align: right;">-4.99882</td>
      <td style = "text-align: right;">1.43894</td>
      <td style = "text-align: right;">ECC</td>
      <td style = "text-align: right;">Continental Ecuador</td>
      <td style = "text-align: right;">Mainlands</td>
    </tr>
    <tr>
      <td style = "text-align: right;">-9.56</td>
      <td style = "text-align: right;">-6.18</td>
      <td style = "text-align: right;">36.955</td>
      <td style = "text-align: right;">42.16</td>
      <td style = "text-align: right;">PTC</td>
      <td style = "text-align: right;">Continental Portugal</td>
      <td style = "text-align: right;">Mainlands</td>
    </tr>
    <tr>
      <td style = "text-align: right;">-9.29092</td>
      <td style = "text-align: right;">4.31502</td>
      <td style = "text-align: right;">35.1852</td>
      <td style = "text-align: right;">43.7915</td>
      <td style = "text-align: right;">ESC</td>
      <td style = "text-align: right;">Continental Spain</td>
      <td style = "text-align: right;">Mainlands</td>
    </tr>
  </tbody>
</table>
~~~
